after rect 1x1
#.....
......
......
......
......
after rotate row y=0 by 20
..#...
......
......
......
......
after rect 1x1
#.#...
......
......
......
......
after rotate row y=0 by 2
..#.#.
......
......
......
......
after rect 1x1
#.#.#.
......
......
......
......
after rotate row y=0 by 3
.#.#.#
......
......
......
......
after rect 2x1
##.#.#
......
......
......
......
after rotate row y=0 by 2
.###.#
......
......
......
......
after rect 1x1
####.#
......
......
......
......
after rotate row y=0 by 3
#.####
......
......
......
......
after rect 2x1
######
......
......
......
......
after rotate row y=0 by 2
######
......
......
......
......
after rect 1x1
######
......
......
......
......
after rotate row y=0 by 4
######
......
......
......
......
after rect 2x1
######
......
......
......
......
after rotate row y=0 by 2
######
......
......
......
......
after rect 1x1
######
......
......
......
......
after rotate row y=0 by 2
######
......
......
......
......
after rect 1x1
######
......
......
......
......
after rotate row y=0 by 2
######
......
......
......
......
after rect 1x1
######
......
......
......
......
after rotate row y=0 by 3
######
......
......
......
......
after rect 2x1
######
......
......
......
......
after rotate row y=0 by 2
######
......
......
......
......
after rect 1x1
######
......
......
......
......
after rotate row y=0 by 5
######
......
......
......
......
after rect 1x1
######
......
......
......
......
after rotate row y=0 by 2
######
......
......
......
......
after rect 1x1
######
......
......
......
......
after rotate row y=0 by 6
######
......
......
......
......
after rect 5x1
######
......
......
......
......
after rotate row y=0 by 2
######
......
......
......
......
after rect 1x3
######
#.....
#.....
......
......
after rotate row y=2 by 8
######
#.....
..#...
......
......
after rotate row y=0 by 8
######
#.....
..#...
......
......
after rotate column x=0 by 1
.#####
#.....
#.#...
......
......
after rect 7x1
#######
#.....
#.#...
......
......
after rotate row y=2 by 24
#######
#.....
#.#...
......
......
after rotate row y=0 by 20
#######
#.....
#.#...
......
......
after rotate column x=5 by 1
#####.#
#....#
#.#...
......
......
after rotate column x=4 by 2
####..#
#....#
#.#.#.
......
......
after rotate column x=2 by 2
##.#..#
#....#
#.#.#.
......
..#...
after rotate column x=0 by 1
.#.#..#
#....#
#.#.#.
#.....
..#...
after rect 7x1
#######
#....#
#.#.#.
#.....
..#...
after rotate column x=34 by 2
#######
#....#
#.#.#.
#.....
..#...
after rotate column x=22 by 1
#######
#....#
#.#.#.
#.....
..#...
after rotate column x=15 by 1
#######
#....#
#.#.#.
#.....
..#...
after rotate row y=2 by 18
#######
#....#
#.#.#.
#.....
..#...
after rotate row y=0 by 12
#######
#....#
#.#.#.
#.....
..#...
after rotate column x=8 by 2
#######
#....#
#.#.#.
#.....
..#...
after rotate column x=7 by 1
#######
#....#
#.#.#.
#.....
..#...
after rotate column x=5 by 2
.#######
#.....
#.#.#.
#....#
..#..
after rotate column x=2 by 1
#.#######
#....
.#.#.#.
#...#
.....
after rotate column x=0 by 1
.#.#######
....
#.#.#.#.
...#
#....
after rect 9x1
################
....
#.#.#.#.
...#
#....
after rotate row y=3 by 28
################
....
#.#.#.#.
...#
#....
after rotate row y=1 by 28
################
....
#.#.#.#.
...#
#....
after rotate row y=0 by 20
################
....
#.#.#.#.
...#
#....
after rotate column x=18 by 1
################
....
#..#.#.
#...#
#....
after rotate column x=15 by 1
################
....
#..#.#.
#...#
#....
after rotate column x=14 by 1
################
....
#..#.#.
#...#
#....
after rotate column x=13 by 1
################
....
#..#.#.
#...#
#....
after rotate column x=12 by 2
################
....
#..#.#.
#...#
#....
after rotate column x=10 by 3
################
....
#..#.#.
#...#
#....
after rotate column x=8 by 1
################
....
#..#.#.
#...#
#....
after rotate column x=7 by 2
################
....
#..#.#.
#...#
#....
after rotate column x=6 by 1
################
....
#..#.#.
#...#
#....
after rotate column x=5 by 1
################
....
#..#.#.
#...#
#....
after rotate column x=3 by 1
###.############
#....
#..#.#.
#...#
#...
after rotate column x=2 by 2
##.############
.#....
##.#.#.
#...#
#...
after rotate column x=0 by 1
##.############
#.#....
#.#.#.
##...#
...
after rect 19x1
###############################
#.#....
#.#.#.
##...#
...
after rotate column x=34 by 2
##############################
#.#....
#.#.#.#
##...#
...
after rotate column x=24 by 1
#############################
#.##....
#.#.#.#
##...#
...
after rotate column x=23 by 1
############################
#.###....
#.#.##
##....#
...
after rotate column x=14 by 1
###########################
#.####....
#.#.##
##....#
...
after rotate column x=9 by 2
##########################
#.####....
##.#.##
##....#
...
after rotate column x=4 by 2
#########################
#.#.###....
###.#.##
##....#
..
after rotate row y=3 by 5
#########################
#.#.###....
###.#.##
..###..
..
after rotate row y=2 by 3
#########################
#.#.###....
####.#.#
..###..
..
after rotate row y=1 by 7
#########################
....#.#.###
####.#.#
..###..
..
after rotate row y=0 by 5
#########################
....#.#.###
####.#.#
..###..
..
after rotate column x=0 by 2
#########################
....#.#.###
####.#.#
..###..
..
after rect 3x2
###########################
###...#.#.###
####.#.#
..###..
..
after rotate column x=16 by 2
##########################
###...#.#.###
#####.#.#
..###..
..
after rotate row y=3 by 27
##########################
###...#.#.###
#####.#.#
#....##
..
after rotate row y=2 by 5
##########################
###...#.#.###
#####.#.#
#....##
..
after rotate row y=0 by 20
##########################
###...#.#.###
#####.#.#
#....##
..
after rotate column x=8 by 2
#########################
###...#.#.###
######.#.#
#....##
..
after rotate column x=7 by 1
########################
###...#.#.###
######.#.#
##....##
..
after rotate column x=5 by 1
#######################
###..##.#.###
.######.#.#
##....##
..
after rotate column x=3 by 3
######################
###.##.#.###
.######.#.#
###....##
...
after rotate column x=2 by 1
#.####################
###.##.#.###
#.######.#.#
###....##
..
after rotate column x=1 by 2
#.####################
#.#.##.#.###
#.######.#.#
####....##
.
after rotate column x=0 by 1
.####################
#.#.##.#.###
##.######.#.#
####....##
.
after rect 9x1
############################
#.#.##.#.###
##.######.#.#
####....##
.
after rotate row y=4 by 42
############################
#.#.##.#.###
##.######.#.#
####....##
.
after rotate row y=3 by 40
############################
#.#.##.#.###
##.######.#.#
######....
.
after rotate row y=1 by 30
############################
##.#.####.#.
##.######.#.#
######....
.
after rotate row y=0 by 40
############################
##.#.####.#.
##.######.#.#
######....
.
after rotate column x=37 by 2
############################
##.#.####.#.
##.######.#.#
######....
.
after rotate column x=36 by 3
############################
##.#.####.#.
##.######.#.#
######....
.
after rotate column x=35 by 1
############################
##.#.####.#.
##.######.#.#
######....
.
after rotate column x=33 by 1
###########################
##.#.####.##.
##.######.#.#
######...
..
after rotate column x=32 by 1
##########################
##.#.####.##.
##.######.#.##
######...
..
after rotate column x=31 by 3
#########################
##.#.####.##.
##.######.#.##
######.#.
...
after rotate column x=30 by 1
########################
##.#.####.##.
##.######.#.##
######.##.
...
after rotate column x=28 by 1
#######################
##.#.#####.##.
##.######..##
######.###.
...
after rotate column x=27 by 1
######################
##.#.######.##.
##.######.##
######..###.
...
after rotate column x=25 by 1
#####################
##.#.######.##.
##.#######.##
######.###.
....
after rotate column x=23 by 3
####################
##.#.######.##.
##.#######.##
#######.###.
....
after rotate column x=22 by 1
###################
##.#.#######.##.
##.#######.##
#######.###.
....
after rotate column x=21 by 1
##################
##.#.########.##.
##.######.##
########.###.
....
after rotate column x=20 by 1
#################
##.#.#########.##.
##.######.##
#######.###.
.#...
after rotate column x=18 by 1
#################
##.#.#########.##.
##.######.##
#######.###.
.#...
after rotate column x=17 by 1
################
##.#.##########.##.
##.#####.##
########.###.
.#...
after rotate column x=16 by 3
###############
##.#.#########.##.
##.#####.##
#########.###.
.##...
after rotate column x=15 by 1
##############
##.#.##########.##.
##.#####.##
#########.###.
.##...
after rotate column x=13 by 1
#############
##.#.###########.##.
##.#####.##
#########.###.
.##...
after rotate column x=12 by 1
############
##.#.############.##.
##.####.##
#########.###.
.###...
after rotate column x=11 by 2
###########
##.#.############.##.
##.#####.##
#########.###.
.###...
after rotate column x=10 by 1
#########.#
##.#.#############.##.
##.####.##
##########.###.
###...
after rotate column x=8 by 1
########.#
##.#.##############.##.
##.###.##
##########.###.
####...
after rotate column x=7 by 2
#######.#
##.#.##############.##.
##.###.##
##########.###.
#####...
after rotate column x=5 by 1
######.#
##.#.##############.##.
######.##
##.########.###.
#####...
after rotate column x=3 by 3
#####.#
##.#.##############.##.
######.##
###.########.###.
#####...
after rotate column x=2 by 1
####.#
##.#.##############.##.
######.##
###.########.###.
######...
after rotate column x=1 by 1
###.#
###.#.##############.##.
######.##
###.########.###.
######...
after rotate column x=0 by 1
##.#
###.#.##############.##.
######.##
###.########.###.
#######...
after rect 39x1
#######################################
###.#.##############.##.
######.##
###.########.###.
#######...
after rotate column x=44 by 2
#######################################
###.#.##############.##.
######.##
###.########.###.
#######...
after rotate column x=42 by 2
#######################################
###.#.##############.##.
######.##
###.########.###.
#######...
after rotate column x=35 by 5
#######################################
###.#.##############.##.
######.##
###.########.###.
#######...
after rotate column x=34 by 2
##################################.####
###.#.##############.##
######.###
###.########.###.
#######...
after rotate column x=32 by 2
#################################.####
###.#.##############.#
######.###
###.########.####.
#######..#.
after rotate column x=29 by 2
################################.####
###.#.##############.#
##########
###.########.####.
#######...#.
after rotate column x=25 by 5
################################.####
###.#.##############.#
##########
###.########.####.
#######...#.
after rotate column x=24 by 2
###############################.####
###.#.##############.#
###########
###.########.####.
#######...#.
after rotate column x=19 by 2
##############################.####
###.#.##############.#
############
###.########.####.
#######...#.
after rotate column x=15 by 4
##############################.####
###.#.#############.#
############
###.########.####.
########...#.
after rotate column x=14 by 2
#############################.####
###.#.#############.#
#############
###.########.####.
########...#.
after rotate column x=12 by 3
############################.####
###.#.#############.#
##############
###.########.####.
########...#.
after rotate column x=9 by 2
###########################.####
###.#.#############.#
###############
###.########.####.
########...#.
after rotate column x=5 by 5
###########################.####
###.#.#############.#
###############
###.########.####.
########...#.
after rotate column x=4 by 2
##########################.####
####.#############.#
################
###..########.####.
########...#.
